TN:
SF:/Users/212588723/Development/lukee/system/index.js
FN:43,(anonymous_0)
FN:80,(anonymous_1)
FN:83,(anonymous_2)
FN:93,(anonymous_3)
FN:94,(anonymous_4)
FN:103,(anonymous_5)
FN:110,(anonymous_6)
FN:111,(anonymous_7)
FN:114,(anonymous_8)
FN:126,(anonymous_9)
FN:131,(anonymous_10)
FN:132,(anonymous_11)
FN:136,(anonymous_12)
FN:142,(anonymous_13)
FN:143,(anonymous_14)
FN:146,(anonymous_15)
FNF:16
FNH:16
FNDA:1,(anonymous_0)
FNDA:1,(anonymous_1)
FNDA:10,(anonymous_2)
FNDA:1,(anonymous_3)
FNDA:8,(anonymous_4)
FNDA:1,(anonymous_5)
FNDA:2,(anonymous_6)
FNDA:6,(anonymous_7)
FNDA:8,(anonymous_8)
FNDA:1,(anonymous_9)
FNDA:1,(anonymous_10)
FNDA:1,(anonymous_11)
FNDA:4,(anonymous_12)
FNDA:7,(anonymous_13)
FNDA:18,(anonymous_14)
FNDA:1,(anonymous_15)
DA:3,1
DA:4,1
DA:5,1
DA:44,1
DA:45,1
DA:46,1
DA:48,1
DA:49,1
DA:51,1
DA:62,1
DA:81,1
DA:83,1
DA:84,10
DA:85,10
DA:94,1
DA:95,8
DA:104,1
DA:106,1
DA:107,1
DA:111,2
DA:112,6
DA:114,6
DA:115,8
DA:117,8
DA:127,1
DA:128,1
DA:130,1
DA:131,1
DA:133,1
DA:134,1
DA:136,1
DA:137,4
DA:143,18
DA:147,1
DA:148,1
DA:149,1
DA:150,1
DA:154,1
LF:38
LH:38
BRF:0
BRH:0
end_of_record
TN:
SF:/Users/212588723/Development/lukee/system/classes/Register.js
FN:10,(anonymous_0)
FNF:1
FNH:1
FNDA:1,(anonymous_0)
DA:11,1
DA:12,1
DA:16,1
LF:3
LH:3
BRF:0
BRH:0
end_of_record
TN:
SF:/Users/212588723/Development/lukee/system/classes/api_server.js
FN:13,(anonymous_0)
FN:27,(anonymous_1)
FN:32,(anonymous_2)
FN:35,(anonymous_3)
FN:43,(anonymous_4)
FN:49,(anonymous_5)
FN:52,(anonymous_6)
FNF:7
FNH:7
FNDA:4,(anonymous_0)
FNDA:2,(anonymous_1)
FNDA:5,(anonymous_2)
FNDA:2,(anonymous_3)
FNDA:1,(anonymous_4)
FNDA:1,(anonymous_5)
FNDA:1,(anonymous_6)
DA:3,1
DA:4,1
DA:14,4
DA:15,4
DA:16,4
DA:17,4
DA:18,4
DA:19,4
DA:20,4
DA:28,2
DA:29,2
DA:32,5
DA:35,2
DA:36,2
DA:43,2
DA:50,1
DA:52,1
DA:53,1
DA:58,1
LF:19
LH:19
BRF:0
BRH:0
end_of_record
TN:
SF:/Users/212588723/Development/lukee/system/classes/configuration.js
FN:7,(anonymous_0)
FN:8,(anonymous_1)
FNF:2
FNH:2
FNDA:3,(anonymous_0)
FNDA:8,(anonymous_1)
DA:8,3
DA:9,8
DA:14,1
LF:3
LH:3
BRF:0
BRH:0
end_of_record
TN:
SF:/Users/212588723/Development/lukee/system/classes/container.js
FN:10,(anonymous_0)
FN:14,(anonymous_1)
FN:18,(anonymous_2)
FN:28,(anonymous_3)
FNF:4
FNH:4
FNDA:14,(anonymous_0)
FNDA:15,(anonymous_1)
FNDA:14,(anonymous_2)
FNDA:10,(anonymous_3)
DA:11,14
DA:15,15
DA:19,14
DA:21,14
DA:22,1
DA:25,13
DA:29,10
DA:33,1
LF:8
LH:8
BRDA:11,0,0,14
BRDA:11,0,1,10
BRDA:15,1,0,15
BRDA:15,1,1,2
BRDA:21,2,0,1
BRDA:21,2,1,13
BRF:6
BRH:6
end_of_record
TN:
SF:/Users/212588723/Development/lukee/system/classes/controller.js
FN:13,(anonymous_0)
FN:18,(anonymous_1)
FN:19,(anonymous_2)
FN:21,(anonymous_3)
FN:31,(anonymous_4)
FN:32,(anonymous_5)
FN:33,(anonymous_6)
FN:43,(anonymous_7)
FN:44,(anonymous_8)
FN:45,(anonymous_9)
FN:55,(anonymous_10)
FN:56,(anonymous_11)
FN:59,(anonymous_12)
FN:60,(anonymous_13)
FN:65,(anonymous_14)
FN:75,(anonymous_15)
FN:76,(anonymous_16)
FN:77,(anonymous_17)
FN:87,(anonymous_18)
FN:88,(anonymous_19)
FN:89,(anonymous_20)
FNF:21
FNH:21
FNDA:3,(anonymous_0)
FNDA:4,(anonymous_1)
FNDA:2,(anonymous_2)
FNDA:2,(anonymous_3)
FNDA:4,(anonymous_4)
FNDA:2,(anonymous_5)
FNDA:2,(anonymous_6)
FNDA:4,(anonymous_7)
FNDA:2,(anonymous_8)
FNDA:2,(anonymous_9)
FNDA:3,(anonymous_10)
FNDA:1,(anonymous_11)
FNDA:4,(anonymous_12)
FNDA:2,(anonymous_13)
FNDA:2,(anonymous_14)
FNDA:4,(anonymous_15)
FNDA:2,(anonymous_16)
FNDA:2,(anonymous_17)
FNDA:4,(anonymous_18)
FNDA:2,(anonymous_19)
FNDA:2,(anonymous_20)
DA:14,3
DA:15,3
DA:19,4
DA:20,2
DA:21,2
DA:22,2
DA:23,1
DA:25,1
DA:32,4
DA:33,2
DA:34,2
DA:35,1
DA:37,1
DA:44,4
DA:45,2
DA:46,2
DA:47,1
DA:49,1
DA:56,3
DA:60,4
DA:61,2
DA:66,2
DA:67,1
DA:69,1
DA:76,4
DA:77,2
DA:78,2
DA:79,1
DA:81,1
DA:88,4
DA:89,2
DA:90,2
DA:91,1
DA:93,1
DA:100,1
LF:35
LH:35
BRDA:22,0,0,1
BRDA:22,0,1,1
BRDA:34,1,0,1
BRDA:34,1,1,1
BRDA:46,2,0,1
BRDA:46,2,1,1
BRDA:66,3,0,1
BRDA:66,3,1,1
BRDA:78,4,0,1
BRDA:78,4,1,1
BRDA:90,5,0,1
BRDA:90,5,1,1
BRF:12
BRH:12
end_of_record
TN:
SF:/Users/212588723/Development/lukee/system/classes/database_server.js
FN:12,(anonymous_0)
FN:17,(anonymous_1)
FN:21,(anonymous_2)
FN:26,(anonymous_3)
FNF:4
FNH:4
FNDA:2,(anonymous_0)
FNDA:1,(anonymous_1)
FNDA:1,(anonymous_2)
FNDA:1,(anonymous_3)
DA:3,1
DA:4,1
DA:6,1
DA:13,2
DA:14,2
DA:18,1
DA:20,1
DA:21,1
DA:22,1
DA:27,1
DA:31,1
LF:11
LH:11
BRF:0
BRH:0
end_of_record
TN:
SF:/Users/212588723/Development/lukee/system/classes/helper.js
FN:7,(anonymous_0)
FN:8,(anonymous_1)
FNF:2
FNH:2
FNDA:3,(anonymous_0)
FNDA:5,(anonymous_1)
DA:8,3
DA:9,5
DA:14,1
LF:3
LH:3
BRF:0
BRH:0
end_of_record
TN:
SF:/Users/212588723/Development/lukee/system/classes/http_response_error.js
FN:17,(anonymous_0)
FNF:1
FNH:1
FNDA:2,(anonymous_0)
DA:18,2
DA:19,2
DA:23,2
DA:24,2
DA:25,2
DA:29,1
LF:6
LH:6
BRDA:19,0,0,1
BRDA:19,0,1,1
BRDA:19,1,0,2
BRDA:19,1,1,1
BRF:4
BRH:4
end_of_record
TN:
SF:/Users/212588723/Development/lukee/system/classes/logger.js
FN:15,(anonymous_0)
FN:26,(anonymous_1)
FNF:2
FNH:2
FNDA:5,(anonymous_0)
FNDA:9,(anonymous_1)
DA:3,1
DA:4,1
DA:5,1
DA:16,5
DA:17,5
DA:27,9
DA:29,1
DA:31,8
DA:36,1
LF:9
LH:9
BRDA:17,0,0,5
BRDA:17,0,1,1
BRDA:27,1,0,1
BRDA:27,1,1,8
BRF:4
BRH:4
end_of_record
TN:
SF:/Users/212588723/Development/lukee/system/classes/register.js
FN:10,(anonymous_0)
FNF:1
FNH:1
FNDA:9,(anonymous_0)
DA:11,9
DA:12,9
DA:16,1
LF:3
LH:3
BRF:0
BRH:0
end_of_record
TN:
SF:/Users/212588723/Development/lukee/system/classes/server.js
FN:7,(anonymous_0)
FNF:1
FNH:1
FNDA:2,(anonymous_0)
DA:8,2
DA:9,2
DA:13,1
LF:3
LH:3
BRF:0
BRH:0
end_of_record
TN:
SF:/Users/212588723/Development/lukee/system/helper/mapper.js
FN:20,(anonymous_0)
FN:56,(anonymous_1)
FN:62,(anonymous_2)
FNF:3
FNH:3
FNDA:3,(anonymous_0)
FNDA:14,(anonymous_1)
FNDA:2,(anonymous_2)
DA:3,1
DA:4,1
DA:9,1
DA:21,3
DA:51,3
DA:52,3
DA:53,3
DA:55,3
DA:56,2
DA:57,14
DA:61,3
DA:62,2
DA:63,2
DA:69,1
LF:14
LH:14
BRDA:55,0,0,2
BRDA:55,0,1,1
BRDA:61,1,0,2
BRDA:61,1,1,1
BRF:4
BRH:4
end_of_record
TN:
SF:/Users/212588723/Development/lukee/system/library/sample.js
FNF:0
FNH:0
DA:6,1
DA:10,1
LF:2
LH:2
BRF:0
BRH:0
end_of_record
